mode: set
github.com/avissapr/checkthebox/cmd/server/main.go:22.13,25.42 1 0
github.com/avissapr/checkthebox/cmd/server/main.go:25.42,27.3 1 0
github.com/avissapr/checkthebox/cmd/server/main.go:28.2,80.38 15 0
github.com/avissapr/checkthebox/cmd/server/main.go:80.38,82.3 1 0
github.com/avissapr/checkthebox/cmd/server/main.go:86.2,141.40 12 0
github.com/avissapr/checkthebox/cmd/server/main.go:141.40,145.19 3 0
github.com/avissapr/checkthebox/cmd/server/main.go:146.16,147.41 1 0
github.com/avissapr/checkthebox/cmd/server/main.go:148.16,149.41 1 0
github.com/avissapr/checkthebox/cmd/server/main.go:150.11,151.31 1 0
github.com/avissapr/checkthebox/cmd/server/main.go:159.2,260.16 38 0
github.com/avissapr/checkthebox/cmd/server/main.go:260.16,262.3 1 0
github.com/avissapr/checkthebox/cmd/server/main.go:265.2,284.75 16 0
github.com/avissapr/checkthebox/cmd/server/main.go:284.75,287.3 2 0
github.com/avissapr/checkthebox/internal/database/db.go:56.39,58.17 2 0
github.com/avissapr/checkthebox/internal/database/db.go:58.17,60.3 1 0
github.com/avissapr/checkthebox/internal/database/db.go:62.2,66.8 1 0
github.com/avissapr/checkthebox/internal/database/db.go:86.33,88.16 1 0
github.com/avissapr/checkthebox/internal/database/db.go:88.16,91.17 3 0
github.com/avissapr/checkthebox/internal/database/db.go:91.17,93.4 1 0
github.com/avissapr/checkthebox/internal/database/db.go:97.2,98.16 2 0
github.com/avissapr/checkthebox/internal/database/db.go:98.16,100.3 1 0
github.com/avissapr/checkthebox/internal/database/db.go:103.2,108.16 4 0
github.com/avissapr/checkthebox/internal/database/db.go:108.16,110.3 1 0
github.com/avissapr/checkthebox/internal/database/db.go:113.2,113.56 1 0
github.com/avissapr/checkthebox/internal/database/db.go:113.56,116.3 2 0
github.com/avissapr/checkthebox/internal/database/db.go:119.2,121.12 3 0
github.com/avissapr/checkthebox/internal/database/db.go:126.21,128.2 1 0
github.com/avissapr/checkthebox/internal/database/db.go:136.14,137.15 1 0
github.com/avissapr/checkthebox/internal/database/db.go:137.15,141.3 3 0
github.com/avissapr/checkthebox/internal/database/db.go:148.26,150.2 1 0
github.com/avissapr/checkthebox/internal/database/db.go:162.31,163.37 1 0
github.com/avissapr/checkthebox/internal/database/db.go:163.37,165.3 1 0
github.com/avissapr/checkthebox/internal/database/db.go:169.25,170.15 1 0
github.com/avissapr/checkthebox/internal/database/db.go:170.15,172.3 1 0
github.com/avissapr/checkthebox/internal/database/db.go:174.2,175.28 2 0
github.com/avissapr/checkthebox/internal/database/migrate.go:14.28,16.17 2 0
github.com/avissapr/checkthebox/internal/database/migrate.go:16.17,18.3 1 0
github.com/avissapr/checkthebox/internal/database/migrate.go:20.2,27.16 3 0
github.com/avissapr/checkthebox/internal/database/migrate.go:27.16,29.3 1 0
github.com/avissapr/checkthebox/internal/database/migrate.go:30.2,34.48 3 0
github.com/avissapr/checkthebox/internal/database/migrate.go:34.48,36.3 1 0
github.com/avissapr/checkthebox/internal/database/migrate.go:39.2,39.11 1 0
github.com/avissapr/checkthebox/internal/database/migrate.go:39.11,41.47 2 0
github.com/avissapr/checkthebox/internal/database/migrate.go:41.47,43.4 1 0
github.com/avissapr/checkthebox/internal/database/migrate.go:44.3,44.68 1 0
github.com/avissapr/checkthebox/internal/database/migrate.go:48.2,50.16 3 0
github.com/avissapr/checkthebox/internal/database/migrate.go:50.16,51.33 1 0
github.com/avissapr/checkthebox/internal/database/migrate.go:51.33,56.4 4 0
github.com/avissapr/checkthebox/internal/database/migrate.go:57.3,57.57 1 0
github.com/avissapr/checkthebox/internal/database/migrate.go:61.2,64.12 3 0
github.com/avissapr/checkthebox/internal/database/migrate.go:68.48,70.17 2 0
github.com/avissapr/checkthebox/internal/database/migrate.go:70.17,72.3 1 0
github.com/avissapr/checkthebox/internal/database/migrate.go:74.2,75.16 2 0
github.com/avissapr/checkthebox/internal/database/migrate.go:75.16,77.3 1 0
github.com/avissapr/checkthebox/internal/database/migrate.go:78.2,80.20 2 0
github.com/avissapr/checkthebox/internal/database/migrate.go:84.32,86.17 2 0
github.com/avissapr/checkthebox/internal/database/migrate.go:86.17,88.3 1 0
github.com/avissapr/checkthebox/internal/database/migrate.go:90.2,91.16 2 0
github.com/avissapr/checkthebox/internal/database/migrate.go:91.16,93.3 1 0
github.com/avissapr/checkthebox/internal/database/migrate.go:94.2,96.36 2 0
github.com/avissapr/checkthebox/internal/database/migrate.go:96.36,98.3 1 0
github.com/avissapr/checkthebox/internal/database/migrate.go:100.2,102.12 3 0
github.com/avissapr/checkthebox/internal/handlers/admin.go:37.58,46.2 1 0
github.com/avissapr/checkthebox/internal/handlers/admin.go:60.54,63.16 3 0
github.com/avissapr/checkthebox/internal/handlers/admin.go:63.16,73.3 1 0
github.com/avissapr/checkthebox/internal/handlers/admin.go:75.2,80.4 1 0
github.com/avissapr/checkthebox/internal/handlers/admin.go:94.57,96.16 2 0
github.com/avissapr/checkthebox/internal/handlers/admin.go:96.16,98.3 1 0
github.com/avissapr/checkthebox/internal/handlers/admin.go:100.2,105.4 1 0
github.com/avissapr/checkthebox/internal/handlers/admin.go:119.60,125.2 1 0
github.com/avissapr/checkthebox/internal/handlers/admin.go:139.58,154.71 9 0
github.com/avissapr/checkthebox/internal/handlers/admin.go:154.71,156.3 1 0
github.com/avissapr/checkthebox/internal/handlers/admin.go:158.2,166.26 2 0
github.com/avissapr/checkthebox/internal/handlers/admin.go:166.26,168.17 2 0
github.com/avissapr/checkthebox/internal/handlers/admin.go:168.17,170.4 1 0
github.com/avissapr/checkthebox/internal/handlers/admin.go:173.2,173.68 1 0
github.com/avissapr/checkthebox/internal/handlers/admin.go:173.68,175.3 1 0
github.com/avissapr/checkthebox/internal/handlers/admin.go:177.2,185.38 2 0
github.com/avissapr/checkthebox/internal/handlers/admin.go:200.63,204.16 3 0
github.com/avissapr/checkthebox/internal/handlers/admin.go:204.16,206.3 1 0
github.com/avissapr/checkthebox/internal/handlers/admin.go:208.2,213.4 1 0
github.com/avissapr/checkthebox/internal/handlers/admin.go:229.57,235.16 4 0
github.com/avissapr/checkthebox/internal/handlers/admin.go:235.16,237.3 1 0
github.com/avissapr/checkthebox/internal/handlers/admin.go:239.2,255.26 8 0
github.com/avissapr/checkthebox/internal/handlers/admin.go:255.26,257.17 2 0
github.com/avissapr/checkthebox/internal/handlers/admin.go:257.17,259.4 1 0
github.com/avissapr/checkthebox/internal/handlers/admin.go:262.2,262.24 1 0
github.com/avissapr/checkthebox/internal/handlers/admin.go:262.24,264.17 2 0
github.com/avissapr/checkthebox/internal/handlers/admin.go:264.17,266.4 1 0
github.com/avissapr/checkthebox/internal/handlers/admin.go:269.2,270.16 2 0
github.com/avissapr/checkthebox/internal/handlers/admin.go:270.16,272.3 1 0
github.com/avissapr/checkthebox/internal/handlers/admin.go:275.2,283.38 2 0
github.com/avissapr/checkthebox/internal/handlers/admin.go:298.58,303.16 4 0
github.com/avissapr/checkthebox/internal/handlers/admin.go:303.16,305.3 1 0
github.com/avissapr/checkthebox/internal/handlers/admin.go:308.2,316.38 2 0
github.com/avissapr/checkthebox/internal/handlers/admin.go:330.56,332.16 2 0
github.com/avissapr/checkthebox/internal/handlers/admin.go:332.16,334.3 1 0
github.com/avissapr/checkthebox/internal/handlers/admin.go:336.2,341.4 1 0
github.com/avissapr/checkthebox/internal/handlers/admin.go:346.65,348.16 2 0
github.com/avissapr/checkthebox/internal/handlers/admin.go:348.16,350.3 1 0
github.com/avissapr/checkthebox/internal/handlers/admin.go:352.2,357.4 1 0
github.com/avissapr/checkthebox/internal/handlers/admin.go:372.58,374.16 2 0
github.com/avissapr/checkthebox/internal/handlers/admin.go:374.16,376.3 1 0
github.com/avissapr/checkthebox/internal/handlers/admin.go:378.2,384.28 5 0
github.com/avissapr/checkthebox/internal/handlers/admin.go:384.28,386.23 2 0
github.com/avissapr/checkthebox/internal/handlers/admin.go:386.23,388.4 1 0
github.com/avissapr/checkthebox/internal/handlers/admin.go:390.3,391.30 2 0
github.com/avissapr/checkthebox/internal/handlers/admin.go:391.30,393.4 1 0
github.com/avissapr/checkthebox/internal/handlers/admin.go:395.3,403.5 1 0
github.com/avissapr/checkthebox/internal/handlers/admin.go:406.2,407.12 2 0
github.com/avissapr/checkthebox/internal/handlers/admin.go:422.63,425.16 2 0
github.com/avissapr/checkthebox/internal/handlers/admin.go:425.16,427.3 1 0
github.com/avissapr/checkthebox/internal/handlers/admin.go:429.2,430.16 2 0
github.com/avissapr/checkthebox/internal/handlers/admin.go:430.16,432.3 1 0
github.com/avissapr/checkthebox/internal/handlers/admin.go:434.2,436.16 3 0
github.com/avissapr/checkthebox/internal/handlers/admin.go:436.16,438.3 1 0
github.com/avissapr/checkthebox/internal/handlers/admin.go:440.2,447.4 1 0
github.com/avissapr/checkthebox/internal/handlers/admin.go:463.61,472.22 7 0
github.com/avissapr/checkthebox/internal/handlers/admin.go:472.22,474.17 2 0
github.com/avissapr/checkthebox/internal/handlers/admin.go:474.17,476.4 1 0
github.com/avissapr/checkthebox/internal/handlers/admin.go:480.2,483.38 2 0
github.com/avissapr/checkthebox/internal/handlers/admin.go:483.38,486.3 2 0
github.com/avissapr/checkthebox/internal/handlers/admin.go:489.2,489.23 1 0
github.com/avissapr/checkthebox/internal/handlers/admin.go:489.23,491.41 2 0
github.com/avissapr/checkthebox/internal/handlers/admin.go:491.41,496.18 3 0
github.com/avissapr/checkthebox/internal/handlers/admin.go:496.18,497.36 1 0
github.com/avissapr/checkthebox/internal/handlers/admin.go:497.36,499.6 1 0
github.com/avissapr/checkthebox/internal/handlers/admin.go:505.2,505.35 1 0
github.com/avissapr/checkthebox/internal/handlers/admin.go:505.35,513.3 2 0
github.com/avissapr/checkthebox/internal/handlers/admin.go:515.2,523.37 2 0
github.com/avissapr/checkthebox/internal/handlers/admin.go:538.63,542.16 3 0
github.com/avissapr/checkthebox/internal/handlers/admin.go:542.16,544.3 1 0
github.com/avissapr/checkthebox/internal/handlers/admin.go:546.2,551.4 1 0
github.com/avissapr/checkthebox/internal/handlers/admin.go:566.59,568.16 2 0
github.com/avissapr/checkthebox/internal/handlers/admin.go:568.16,570.3 1 0
github.com/avissapr/checkthebox/internal/handlers/admin.go:572.2,573.16 2 0
github.com/avissapr/checkthebox/internal/handlers/admin.go:573.16,575.3 1 0
github.com/avissapr/checkthebox/internal/handlers/admin.go:577.2,582.4 1 0
github.com/avissapr/checkthebox/internal/handlers/admin.go:599.61,602.16 3 0
github.com/avissapr/checkthebox/internal/handlers/admin.go:602.16,604.3 1 0
github.com/avissapr/checkthebox/internal/handlers/admin.go:607.2,607.78 1 0
github.com/avissapr/checkthebox/internal/handlers/admin.go:607.78,609.3 1 0
github.com/avissapr/checkthebox/internal/handlers/admin.go:612.2,613.66 2 0
github.com/avissapr/checkthebox/internal/handlers/admin.go:613.66,614.69 1 0
github.com/avissapr/checkthebox/internal/handlers/admin.go:614.69,616.4 1 0
github.com/avissapr/checkthebox/internal/handlers/admin.go:620.2,629.73 2 0
github.com/avissapr/checkthebox/internal/handlers/admin.go:629.73,631.3 1 0
github.com/avissapr/checkthebox/internal/handlers/admin.go:634.2,642.78 2 0
github.com/avissapr/checkthebox/internal/handlers/admin.go:658.54,660.16 2 0
github.com/avissapr/checkthebox/internal/handlers/admin.go:660.16,662.3 1 0
github.com/avissapr/checkthebox/internal/handlers/admin.go:664.2,669.4 1 0
github.com/avissapr/checkthebox/internal/handlers/admin.go:683.63,689.2 1 0
github.com/avissapr/checkthebox/internal/handlers/admin.go:704.55,713.16 7 0
github.com/avissapr/checkthebox/internal/handlers/admin.go:713.16,715.3 1 0
github.com/avissapr/checkthebox/internal/handlers/admin.go:717.2,725.16 3 0
github.com/avissapr/checkthebox/internal/handlers/admin.go:725.16,727.3 1 0
github.com/avissapr/checkthebox/internal/handlers/admin.go:730.2,739.35 3 0
github.com/avissapr/checkthebox/internal/handlers/admin.go:755.55,759.16 3 0
github.com/avissapr/checkthebox/internal/handlers/admin.go:759.16,761.3 1 0
github.com/avissapr/checkthebox/internal/handlers/admin.go:764.2,773.35 3 0
github.com/avissapr/checkthebox/internal/handlers/admin.go:789.55,792.16 3 0
github.com/avissapr/checkthebox/internal/handlers/admin.go:792.16,794.3 1 0
github.com/avissapr/checkthebox/internal/handlers/admin.go:796.2,801.4 1 0
github.com/avissapr/checkthebox/internal/handlers/admin.go:814.64,820.2 1 0
github.com/avissapr/checkthebox/internal/handlers/admin.go:834.56,845.16 6 0
github.com/avissapr/checkthebox/internal/handlers/admin.go:845.16,847.3 1 0
github.com/avissapr/checkthebox/internal/handlers/admin.go:850.2,859.36 3 0
github.com/avissapr/checkthebox/internal/handlers/admin.go:875.56,880.16 4 0
github.com/avissapr/checkthebox/internal/handlers/admin.go:880.16,882.3 1 0
github.com/avissapr/checkthebox/internal/handlers/admin.go:885.2,894.36 3 0
github.com/avissapr/checkthebox/internal/handlers/admin.go:909.61,914.16 4 0
github.com/avissapr/checkthebox/internal/handlers/admin.go:914.16,916.3 1 0
github.com/avissapr/checkthebox/internal/handlers/admin.go:919.2,920.16 2 0
github.com/avissapr/checkthebox/internal/handlers/admin.go:920.16,922.3 1 0
github.com/avissapr/checkthebox/internal/handlers/admin.go:924.2,931.4 1 0
github.com/avissapr/checkthebox/internal/handlers/admin.go:947.59,953.16 5 0
github.com/avissapr/checkthebox/internal/handlers/admin.go:953.16,955.3 1 0
github.com/avissapr/checkthebox/internal/handlers/admin.go:958.2,967.67 3 0
github.com/avissapr/checkthebox/internal/handlers/admin.go:981.62,987.16 5 0
github.com/avissapr/checkthebox/internal/handlers/admin.go:987.16,989.3 1 0
github.com/avissapr/checkthebox/internal/handlers/admin.go:992.2,1001.67 3 0
github.com/avissapr/checkthebox/internal/handlers/admin.go:1015.57,1017.16 2 0
github.com/avissapr/checkthebox/internal/handlers/admin.go:1017.16,1019.3 1 0
github.com/avissapr/checkthebox/internal/handlers/admin.go:1021.2,1026.4 1 0
github.com/avissapr/checkthebox/internal/handlers/auth.go:33.56,39.2 1 0
github.com/avissapr/checkthebox/internal/handlers/auth.go:51.53,55.2 1 0
github.com/avissapr/checkthebox/internal/handlers/auth.go:75.49,82.16 5 0
github.com/avissapr/checkthebox/internal/handlers/auth.go:82.16,87.3 1 0
github.com/avissapr/checkthebox/internal/handlers/auth.go:90.2,94.16 3 0
github.com/avissapr/checkthebox/internal/handlers/auth.go:94.16,97.3 2 0
github.com/avissapr/checkthebox/internal/handlers/auth.go:99.2,103.36 4 0
github.com/avissapr/checkthebox/internal/handlers/auth.go:103.36,106.3 2 0
github.com/avissapr/checkthebox/internal/handlers/auth.go:109.2,112.26 2 0
github.com/avissapr/checkthebox/internal/handlers/auth.go:112.26,114.3 1 0
github.com/avissapr/checkthebox/internal/handlers/auth.go:115.2,115.39 1 0
github.com/avissapr/checkthebox/internal/handlers/auth.go:130.50,132.16 2 0
github.com/avissapr/checkthebox/internal/handlers/auth.go:132.16,134.3 1 0
github.com/avissapr/checkthebox/internal/handlers/auth.go:136.2,136.39 1 0
github.com/avissapr/checkthebox/internal/handlers/auth.go:136.39,138.3 1 0
github.com/avissapr/checkthebox/internal/handlers/auth.go:140.2,140.29 1 0
github.com/avissapr/checkthebox/internal/handlers/staff.go:36.58,46.2 2 0
github.com/avissapr/checkthebox/internal/handlers/staff.go:59.54,65.16 4 0
github.com/avissapr/checkthebox/internal/handlers/staff.go:65.16,74.3 1 0
github.com/avissapr/checkthebox/internal/handlers/staff.go:77.2,78.16 2 0
github.com/avissapr/checkthebox/internal/handlers/staff.go:78.16,80.3 1 0
github.com/avissapr/checkthebox/internal/handlers/staff.go:82.2,88.4 1 0
github.com/avissapr/checkthebox/internal/handlers/staff.go:102.57,106.16 3 0
github.com/avissapr/checkthebox/internal/handlers/staff.go:106.16,108.3 1 0
github.com/avissapr/checkthebox/internal/handlers/staff.go:110.2,115.4 1 0
github.com/avissapr/checkthebox/internal/handlers/staff.go:130.55,135.16 3 0
github.com/avissapr/checkthebox/internal/handlers/staff.go:135.16,137.3 1 0
github.com/avissapr/checkthebox/internal/handlers/staff.go:140.2,141.16 2 0
github.com/avissapr/checkthebox/internal/handlers/staff.go:141.16,143.3 1 0
github.com/avissapr/checkthebox/internal/handlers/staff.go:146.2,146.33 1 0
github.com/avissapr/checkthebox/internal/handlers/staff.go:146.33,148.30 1 0
github.com/avissapr/checkthebox/internal/handlers/staff.go:148.30,160.4 2 0
github.com/avissapr/checkthebox/internal/handlers/staff.go:161.3,161.105 1 0
github.com/avissapr/checkthebox/internal/handlers/staff.go:165.2,166.16 2 0
github.com/avissapr/checkthebox/internal/handlers/staff.go:166.16,168.3 1 0
github.com/avissapr/checkthebox/internal/handlers/staff.go:170.2,176.4 1 0
github.com/avissapr/checkthebox/internal/handlers/staff.go:192.62,197.16 3 0
github.com/avissapr/checkthebox/internal/handlers/staff.go:197.16,199.3 1 0
github.com/avissapr/checkthebox/internal/handlers/staff.go:202.2,203.16 2 0
github.com/avissapr/checkthebox/internal/handlers/staff.go:203.16,205.3 1 0
github.com/avissapr/checkthebox/internal/handlers/staff.go:208.2,208.33 1 0
github.com/avissapr/checkthebox/internal/handlers/staff.go:208.33,210.30 1 0
github.com/avissapr/checkthebox/internal/handlers/staff.go:210.30,222.4 2 0
github.com/avissapr/checkthebox/internal/handlers/staff.go:223.3,223.105 1 0
github.com/avissapr/checkthebox/internal/handlers/staff.go:227.2,235.16 3 0
github.com/avissapr/checkthebox/internal/handlers/staff.go:235.16,237.3 1 0
github.com/avissapr/checkthebox/internal/handlers/staff.go:239.2,239.25 1 0
github.com/avissapr/checkthebox/internal/handlers/staff.go:239.25,241.3 1 0
github.com/avissapr/checkthebox/internal/handlers/staff.go:244.2,249.16 2 0
github.com/avissapr/checkthebox/internal/handlers/staff.go:249.16,251.3 1 0
github.com/avissapr/checkthebox/internal/handlers/staff.go:254.2,254.29 1 0
github.com/avissapr/checkthebox/internal/handlers/staff.go:254.29,266.3 2 0
github.com/avissapr/checkthebox/internal/handlers/staff.go:268.2,268.60 1 0
github.com/avissapr/checkthebox/internal/middleware/auth.go:30.55,31.34 1 1
github.com/avissapr/checkthebox/internal/middleware/auth.go:31.34,34.17 2 1
github.com/avissapr/checkthebox/internal/middleware/auth.go:34.17,36.4 1 0
github.com/avissapr/checkthebox/internal/middleware/auth.go:39.3,40.20 2 1
github.com/avissapr/checkthebox/internal/middleware/auth.go:40.20,42.4 1 1
github.com/avissapr/checkthebox/internal/middleware/auth.go:46.3,51.18 4 1
github.com/avissapr/checkthebox/internal/middleware/auth.go:74.32,75.34 1 1
github.com/avissapr/checkthebox/internal/middleware/auth.go:75.34,80.22 2 1
github.com/avissapr/checkthebox/internal/middleware/auth.go:80.22,82.4 1 1
github.com/avissapr/checkthebox/internal/middleware/auth.go:85.3,85.18 1 1
github.com/avissapr/checkthebox/internal/middleware/security.go:28.132,37.2 1 1
github.com/avissapr/checkthebox/internal/middleware/security.go:40.81,43.34 1 0
github.com/avissapr/checkthebox/internal/middleware/security.go:43.34,53.3 2 0
github.com/avissapr/checkthebox/internal/middleware/security.go:57.82,58.34 1 1
github.com/avissapr/checkthebox/internal/middleware/security.go:58.34,60.76 1 1
github.com/avissapr/checkthebox/internal/middleware/security.go:60.76,62.4 1 1
github.com/avissapr/checkthebox/internal/middleware/security.go:64.3,65.17 2 1
github.com/avissapr/checkthebox/internal/middleware/security.go:65.17,67.4 1 0
github.com/avissapr/checkthebox/internal/middleware/security.go:70.3,71.26 2 1
github.com/avissapr/checkthebox/internal/middleware/security.go:71.26,86.4 5 1
github.com/avissapr/checkthebox/internal/middleware/security.go:89.3,90.25 2 1
github.com/avissapr/checkthebox/internal/middleware/security.go:90.25,92.4 1 0
github.com/avissapr/checkthebox/internal/middleware/security.go:95.3,95.35 1 1
github.com/avissapr/checkthebox/internal/middleware/security.go:95.35,105.4 2 1
github.com/avissapr/checkthebox/internal/middleware/security.go:107.3,107.18 1 0
github.com/avissapr/checkthebox/internal/middleware/security.go:112.77,114.38 1 1
github.com/avissapr/checkthebox/internal/middleware/security.go:114.38,122.3 2 1
github.com/avissapr/checkthebox/internal/middleware/security.go:125.2,126.44 2 1
github.com/avissapr/checkthebox/internal/middleware/security.go:126.44,135.3 3 0
github.com/avissapr/checkthebox/internal/middleware/security.go:137.2,137.12 1 1
github.com/avissapr/checkthebox/internal/middleware/security.go:141.75,153.2 3 1
github.com/avissapr/checkthebox/internal/middleware/security.go:156.87,164.2 2 1
github.com/avissapr/checkthebox/internal/middleware/security.go:167.107,168.34 1 1
github.com/avissapr/checkthebox/internal/middleware/security.go:168.34,172.51 2 1
github.com/avissapr/checkthebox/internal/middleware/security.go:172.51,174.4 1 0
github.com/avissapr/checkthebox/internal/middleware/security.go:176.3,176.33 1 1
github.com/avissapr/checkthebox/internal/middleware/security.go:176.33,187.4 3 1
github.com/avissapr/checkthebox/internal/middleware/security.go:189.3,189.18 1 1
github.com/avissapr/checkthebox/internal/middleware/security.go:194.61,195.34 1 1
github.com/avissapr/checkthebox/internal/middleware/security.go:195.34,206.52 5 1
github.com/avissapr/checkthebox/internal/middleware/security.go:206.52,208.4 1 0
github.com/avissapr/checkthebox/internal/middleware/security.go:211.3,221.39 2 1
github.com/avissapr/checkthebox/internal/middleware/security.go:221.39,223.44 2 0
github.com/avissapr/checkthebox/internal/middleware/security.go:223.44,226.5 2 0
github.com/avissapr/checkthebox/internal/middleware/security.go:228.4,233.7 1 0
github.com/avissapr/checkthebox/internal/middleware/security.go:236.3,236.13 1 1
github.com/avissapr/checkthebox/internal/middleware/security.go:241.61,242.34 1 1
github.com/avissapr/checkthebox/internal/middleware/security.go:242.34,265.3 8 1
github.com/avissapr/checkthebox/internal/middleware/security.go:269.33,272.16 3 1
github.com/avissapr/checkthebox/internal/middleware/security.go:272.16,275.3 1 0
github.com/avissapr/checkthebox/internal/middleware/security.go:276.2,276.49 1 1
github.com/avissapr/checkthebox/internal/middleware/security.go:280.63,281.34 1 1
github.com/avissapr/checkthebox/internal/middleware/security.go:281.34,284.31 2 1
github.com/avissapr/checkthebox/internal/middleware/security.go:284.31,292.4 2 1
github.com/avissapr/checkthebox/internal/middleware/security.go:295.3,295.29 1 1
github.com/avissapr/checkthebox/internal/middleware/security.go:295.29,303.4 2 0
github.com/avissapr/checkthebox/internal/middleware/security.go:305.3,305.18 1 1
github.com/avissapr/checkthebox/internal/middleware/security.go:310.44,322.35 3 1
github.com/avissapr/checkthebox/internal/middleware/security.go:322.35,323.39 1 1
github.com/avissapr/checkthebox/internal/middleware/security.go:323.39,325.4 1 1
github.com/avissapr/checkthebox/internal/middleware/security.go:328.2,328.14 1 1
github.com/avissapr/checkthebox/internal/middleware/security.go:332.42,343.35 3 1
github.com/avissapr/checkthebox/internal/middleware/security.go:343.35,344.39 1 1
github.com/avissapr/checkthebox/internal/middleware/security.go:344.39,346.4 1 0
github.com/avissapr/checkthebox/internal/middleware/security.go:349.2,349.14 1 1
github.com/avissapr/checkthebox/internal/repository/acknowledgment_repo.go:30.62,32.2 1 1
github.com/avissapr/checkthebox/internal/repository/acknowledgment_repo.go:67.98,82.2 2 1
github.com/avissapr/checkthebox/internal/repository/acknowledgment_repo.go:119.108,147.16 3 1
github.com/avissapr/checkthebox/internal/repository/acknowledgment_repo.go:147.16,149.3 1 0
github.com/avissapr/checkthebox/internal/repository/acknowledgment_repo.go:150.2,154.18 3 1
github.com/avissapr/checkthebox/internal/repository/acknowledgment_repo.go:154.18,162.17 2 1
github.com/avissapr/checkthebox/internal/repository/acknowledgment_repo.go:162.17,164.4 1 0
github.com/avissapr/checkthebox/internal/repository/acknowledgment_repo.go:165.3,165.31 1 1
github.com/avissapr/checkthebox/internal/repository/acknowledgment_repo.go:169.2,169.21 1 1
github.com/avissapr/checkthebox/internal/repository/assignment_repo.go:12.54,14.2 1 1
github.com/avissapr/checkthebox/internal/repository/assignment_repo.go:16.97,26.2 2 1
github.com/avissapr/checkthebox/internal/repository/assignment_repo.go:41.107,56.16 4 0
github.com/avissapr/checkthebox/internal/repository/assignment_repo.go:56.16,58.3 1 0
github.com/avissapr/checkthebox/internal/repository/assignment_repo.go:60.2,60.25 1 0
github.com/avissapr/checkthebox/internal/repository/assignment_repo.go:76.109,96.16 3 1
github.com/avissapr/checkthebox/internal/repository/assignment_repo.go:96.16,98.3 1 0
github.com/avissapr/checkthebox/internal/repository/assignment_repo.go:99.2,102.18 3 1
github.com/avissapr/checkthebox/internal/repository/assignment_repo.go:102.18,112.17 2 1
github.com/avissapr/checkthebox/internal/repository/assignment_repo.go:112.17,114.4 1 0
github.com/avissapr/checkthebox/internal/repository/assignment_repo.go:115.3,115.40 1 1
github.com/avissapr/checkthebox/internal/repository/assignment_repo.go:118.2,118.25 1 1
github.com/avissapr/checkthebox/internal/repository/audit_repo.go:41.44,43.2 1 1
github.com/avissapr/checkthebox/internal/repository/audit_repo.go:89.80,103.2 2 1
github.com/avissapr/checkthebox/internal/repository/audit_repo.go:139.97,153.16 3 1
github.com/avissapr/checkthebox/internal/repository/audit_repo.go:153.16,155.3 1 0
github.com/avissapr/checkthebox/internal/repository/audit_repo.go:156.2,160.18 3 1
github.com/avissapr/checkthebox/internal/repository/audit_repo.go:160.18,174.17 2 1
github.com/avissapr/checkthebox/internal/repository/audit_repo.go:174.17,176.4 1 0
github.com/avissapr/checkthebox/internal/repository/audit_repo.go:177.3,177.27 1 1
github.com/avissapr/checkthebox/internal/repository/audit_repo.go:181.2,181.18 1 1
github.com/avissapr/checkthebox/internal/repository/group_repo.go:22.44,24.2 1 1
github.com/avissapr/checkthebox/internal/repository/group_repo.go:38.91,49.16 3 1
github.com/avissapr/checkthebox/internal/repository/group_repo.go:49.16,51.3 1 0
github.com/avissapr/checkthebox/internal/repository/group_repo.go:52.2,55.18 3 1
github.com/avissapr/checkthebox/internal/repository/group_repo.go:55.18,58.17 3 1
github.com/avissapr/checkthebox/internal/repository/group_repo.go:58.17,60.4 1 0
github.com/avissapr/checkthebox/internal/repository/group_repo.go:61.3,61.29 1 1
github.com/avissapr/checkthebox/internal/repository/group_repo.go:64.2,64.20 1 1
github.com/avissapr/checkthebox/internal/repository/group_repo.go:79.82,88.2 2 1
github.com/avissapr/checkthebox/internal/repository/group_repo.go:102.74,106.2 3 1
github.com/avissapr/checkthebox/internal/repository/group_repo.go:121.95,131.16 3 1
github.com/avissapr/checkthebox/internal/repository/group_repo.go:131.16,133.3 1 0
github.com/avissapr/checkthebox/internal/repository/group_repo.go:134.2,137.18 3 1
github.com/avissapr/checkthebox/internal/repository/group_repo.go:137.18,140.17 3 1
github.com/avissapr/checkthebox/internal/repository/group_repo.go:140.17,142.4 1 0
github.com/avissapr/checkthebox/internal/repository/group_repo.go:143.3,143.27 1 1
github.com/avissapr/checkthebox/internal/repository/group_repo.go:146.2,146.19 1 1
github.com/avissapr/checkthebox/internal/repository/group_repo.go:162.85,171.2 3 1
github.com/avissapr/checkthebox/internal/repository/group_repo.go:184.88,188.2 3 1
github.com/avissapr/checkthebox/internal/repository/policy_repo.go:22.46,24.2 1 1
github.com/avissapr/checkthebox/internal/repository/policy_repo.go:39.91,43.2 2 1
github.com/avissapr/checkthebox/internal/repository/policy_repo.go:58.100,68.2 2 0
github.com/avissapr/checkthebox/internal/repository/policy_repo.go:82.87,91.16 3 1
github.com/avissapr/checkthebox/internal/repository/policy_repo.go:91.16,93.3 1 0
github.com/avissapr/checkthebox/internal/repository/policy_repo.go:94.2,97.18 3 1
github.com/avissapr/checkthebox/internal/repository/policy_repo.go:97.18,99.80 2 1
github.com/avissapr/checkthebox/internal/repository/policy_repo.go:99.80,101.4 1 0
github.com/avissapr/checkthebox/internal/repository/policy_repo.go:102.3,102.33 1 1
github.com/avissapr/checkthebox/internal/repository/policy_repo.go:105.2,105.22 1 1
github.com/avissapr/checkthebox/internal/repository/policy_repo.go:120.101,135.16 4 0
github.com/avissapr/checkthebox/internal/repository/policy_repo.go:135.16,137.3 1 0
github.com/avissapr/checkthebox/internal/repository/policy_repo.go:139.2,139.21 1 0
github.com/avissapr/checkthebox/internal/repository/policy_repo.go:154.110,168.2 4 1
github.com/avissapr/checkthebox/internal/repository/policy_repo.go:183.116,192.16 3 1
github.com/avissapr/checkthebox/internal/repository/policy_repo.go:192.16,194.3 1 0
github.com/avissapr/checkthebox/internal/repository/policy_repo.go:195.2,198.18 3 1
github.com/avissapr/checkthebox/internal/repository/policy_repo.go:198.18,203.17 2 1
github.com/avissapr/checkthebox/internal/repository/policy_repo.go:203.17,205.4 1 0
github.com/avissapr/checkthebox/internal/repository/policy_repo.go:206.3,206.34 1 1
github.com/avissapr/checkthebox/internal/repository/policy_repo.go:209.2,209.22 1 1
github.com/avissapr/checkthebox/internal/repository/policy_repo.go:214.95,223.16 3 0
github.com/avissapr/checkthebox/internal/repository/policy_repo.go:223.16,225.3 1 0
github.com/avissapr/checkthebox/internal/repository/policy_repo.go:226.2,229.18 3 0
github.com/avissapr/checkthebox/internal/repository/policy_repo.go:229.18,231.80 2 0
github.com/avissapr/checkthebox/internal/repository/policy_repo.go:231.80,233.4 1 0
github.com/avissapr/checkthebox/internal/repository/policy_repo.go:234.3,234.33 1 0
github.com/avissapr/checkthebox/internal/repository/policy_repo.go:237.2,237.22 1 0
github.com/avissapr/checkthebox/internal/repository/policy_repo.go:252.104,264.16 3 1
github.com/avissapr/checkthebox/internal/repository/policy_repo.go:264.16,266.3 1 0
github.com/avissapr/checkthebox/internal/repository/policy_repo.go:267.2,270.18 3 1
github.com/avissapr/checkthebox/internal/repository/policy_repo.go:270.18,276.17 2 1
github.com/avissapr/checkthebox/internal/repository/policy_repo.go:276.17,278.4 1 0
github.com/avissapr/checkthebox/internal/repository/policy_repo.go:279.3,279.34 1 1
github.com/avissapr/checkthebox/internal/repository/policy_repo.go:282.2,282.22 1 1
github.com/avissapr/checkthebox/internal/repository/policy_repo.go:297.100,318.2 3 1
github.com/avissapr/checkthebox/internal/repository/policy_repo.go:334.83,343.2 3 1
github.com/avissapr/checkthebox/internal/repository/policy_repo.go:357.87,365.2 3 0
github.com/avissapr/checkthebox/internal/repository/policy_repo.go:380.95,394.16 4 0
github.com/avissapr/checkthebox/internal/repository/policy_repo.go:394.16,396.3 1 0
github.com/avissapr/checkthebox/internal/repository/policy_repo.go:398.2,398.21 1 0
github.com/avissapr/checkthebox/internal/repository/stats_repo.go:20.44,22.2 1 1
github.com/avissapr/checkthebox/internal/repository/stats_repo.go:61.96,90.16 5 1
github.com/avissapr/checkthebox/internal/repository/stats_repo.go:90.16,92.3 1 0
github.com/avissapr/checkthebox/internal/repository/stats_repo.go:95.2,95.32 1 1
github.com/avissapr/checkthebox/internal/repository/stats_repo.go:95.32,97.3 1 1
github.com/avissapr/checkthebox/internal/repository/stats_repo.go:99.2,99.19 1 1
github.com/avissapr/checkthebox/internal/repository/stats_repo.go:115.95,141.16 5 1
github.com/avissapr/checkthebox/internal/repository/stats_repo.go:141.16,143.3 1 0
github.com/avissapr/checkthebox/internal/repository/stats_repo.go:146.2,146.29 1 1
github.com/avissapr/checkthebox/internal/repository/stats_repo.go:146.29,148.3 1 1
github.com/avissapr/checkthebox/internal/repository/stats_repo.go:150.2,150.19 1 1
github.com/avissapr/checkthebox/internal/repository/user_repo.go:24.42,26.2 1 1
github.com/avissapr/checkthebox/internal/repository/user_repo.go:41.95,49.26 4 1
github.com/avissapr/checkthebox/internal/repository/user_repo.go:49.26,51.3 1 1
github.com/avissapr/checkthebox/internal/repository/user_repo.go:52.2,52.16 1 1
github.com/avissapr/checkthebox/internal/repository/user_repo.go:52.16,54.3 1 0
github.com/avissapr/checkthebox/internal/repository/user_repo.go:56.2,56.19 1 1
github.com/avissapr/checkthebox/internal/repository/user_repo.go:72.86,80.26 4 1
github.com/avissapr/checkthebox/internal/repository/user_repo.go:80.26,82.3 1 0
github.com/avissapr/checkthebox/internal/repository/user_repo.go:83.2,83.16 1 1
github.com/avissapr/checkthebox/internal/repository/user_repo.go:83.16,85.3 1 0
github.com/avissapr/checkthebox/internal/repository/user_repo.go:87.2,87.19 1 1
github.com/avissapr/checkthebox/internal/repository/user_repo.go:102.80,106.16 3 1
github.com/avissapr/checkthebox/internal/repository/user_repo.go:106.16,108.3 1 0
github.com/avissapr/checkthebox/internal/repository/user_repo.go:109.2,112.18 3 1
github.com/avissapr/checkthebox/internal/repository/user_repo.go:112.18,115.17 3 1
github.com/avissapr/checkthebox/internal/repository/user_repo.go:115.17,117.4 1 0
github.com/avissapr/checkthebox/internal/repository/user_repo.go:118.3,118.30 1 1
github.com/avissapr/checkthebox/internal/repository/user_repo.go:121.2,121.19 1 1
github.com/avissapr/checkthebox/internal/repository/user_repo.go:136.78,140.16 3 1
github.com/avissapr/checkthebox/internal/repository/user_repo.go:140.16,142.3 1 0
github.com/avissapr/checkthebox/internal/repository/user_repo.go:143.2,146.18 3 1
github.com/avissapr/checkthebox/internal/repository/user_repo.go:146.18,149.17 3 1
github.com/avissapr/checkthebox/internal/repository/user_repo.go:149.17,151.4 1 0
github.com/avissapr/checkthebox/internal/repository/user_repo.go:152.3,152.30 1 1
github.com/avissapr/checkthebox/internal/repository/user_repo.go:155.2,155.19 1 1
github.com/avissapr/checkthebox/internal/repository/user_repo.go:172.79,181.2 2 1
github.com/avissapr/checkthebox/internal/repository/user_repo.go:200.72,204.2 3 1
github.com/avissapr/checkthebox/internal/services/auth_service.go:44.36,48.2 1 1
github.com/avissapr/checkthebox/internal/services/auth_service.go:90.103,94.16 2 0
github.com/avissapr/checkthebox/internal/services/auth_service.go:94.16,96.3 1 0
github.com/avissapr/checkthebox/internal/services/auth_service.go:101.2,101.99 1 0
github.com/avissapr/checkthebox/internal/services/auth_service.go:101.99,103.3 1 0
github.com/avissapr/checkthebox/internal/services/auth_service.go:106.2,106.18 1 0
github.com/avissapr/checkthebox/internal/services/auth_service.go:147.69,155.2 3 1
github.com/avissapr/checkthebox/internal/security/config.go:50.46,87.2 1 1
github.com/avissapr/checkthebox/internal/security/logging.go:103.26,108.2 1 1
github.com/avissapr/checkthebox/internal/security/logging.go:111.43,113.2 1 0
github.com/avissapr/checkthebox/internal/security/logging.go:116.39,118.16 2 1
github.com/avissapr/checkthebox/internal/security/logging.go:118.16,122.3 2 0
github.com/avissapr/checkthebox/internal/security/logging.go:124.2,124.37 1 1
github.com/avissapr/checkthebox/internal/security/logging.go:128.39,134.2 1 1
github.com/avissapr/checkthebox/internal/security/logging.go:137.39,143.2 1 1
github.com/avissapr/checkthebox/internal/security/logging.go:146.51,153.16 2 1
github.com/avissapr/checkthebox/internal/security/logging.go:153.16,155.3 1 1
github.com/avissapr/checkthebox/internal/security/logging.go:157.2,157.14 1 1
github.com/avissapr/checkthebox/internal/security/logging.go:161.54,168.16 2 1
github.com/avissapr/checkthebox/internal/security/logging.go:168.16,170.3 1 0
github.com/avissapr/checkthebox/internal/security/logging.go:172.2,172.14 1 1
github.com/avissapr/checkthebox/internal/security/logging.go:177.146,191.22 3 1
github.com/avissapr/checkthebox/internal/security/logging.go:191.22,193.3 1 1
github.com/avissapr/checkthebox/internal/security/logging.go:195.2,195.14 1 1
github.com/avissapr/checkthebox/internal/security/logging.go:199.109,211.2 1 1
github.com/avissapr/checkthebox/internal/security/logging.go:232.99,240.2 1 1
github.com/avissapr/checkthebox/internal/security/logging.go:243.66,247.68 2 1
github.com/avissapr/checkthebox/internal/security/logging.go:247.68,255.24 2 1
github.com/avissapr/checkthebox/internal/security/logging.go:255.24,259.4 1 1
github.com/avissapr/checkthebox/internal/security/logging.go:264.107,265.48 1 1
github.com/avissapr/checkthebox/internal/security/logging.go:265.48,274.24 2 1
github.com/avissapr/checkthebox/internal/security/logging.go:274.24,278.4 1 1
github.com/avissapr/checkthebox/internal/security/logging.go:283.44,284.44 1 1
github.com/avissapr/checkthebox/internal/security/logging.go:284.44,288.3 3 0
github.com/avissapr/checkthebox/internal/security/ratelimiting.go:43.75,56.2 4 1
github.com/avissapr/checkthebox/internal/security/ratelimiting.go:66.54,69.13 3 1
github.com/avissapr/checkthebox/internal/security/ratelimiting.go:69.13,78.3 4 1
github.com/avissapr/checkthebox/internal/security/ratelimiting.go:79.2,88.21 6 1
github.com/avissapr/checkthebox/internal/security/ratelimiting.go:88.21,90.35 2 1
github.com/avissapr/checkthebox/internal/security/ratelimiting.go:90.35,92.4 1 0
github.com/avissapr/checkthebox/internal/security/ratelimiting.go:93.3,93.33 1 1
github.com/avissapr/checkthebox/internal/security/ratelimiting.go:97.2,97.23 1 1
github.com/avissapr/checkthebox/internal/security/ratelimiting.go:97.23,100.3 2 1
github.com/avissapr/checkthebox/internal/security/ratelimiting.go:103.2,103.14 1 1
github.com/avissapr/checkthebox/internal/security/ratelimiting.go:108.49,112.2 3 1
github.com/avissapr/checkthebox/internal/security/ratelimiting.go:115.34,116.6 1 1
github.com/avissapr/checkthebox/internal/security/ratelimiting.go:116.6,117.10 1 1
github.com/avissapr/checkthebox/internal/security/ratelimiting.go:118.29,121.40 3 0
github.com/avissapr/checkthebox/internal/security/ratelimiting.go:121.40,124.47 2 0
github.com/avissapr/checkthebox/internal/security/ratelimiting.go:124.47,126.6 1 0
github.com/avissapr/checkthebox/internal/security/ratelimiting.go:127.5,127.23 1 0
github.com/avissapr/checkthebox/internal/security/ratelimiting.go:129.4,129.18 1 0
github.com/avissapr/checkthebox/internal/security/ratelimiting.go:130.25,131.10 1 1
github.com/avissapr/checkthebox/internal/security/ratelimiting.go:137.31,140.2 2 1
github.com/avissapr/checkthebox/internal/security/ratelimiting.go:172.79,178.2 1 1
github.com/avissapr/checkthebox/internal/security/ratelimiting.go:182.71,185.13 3 1
github.com/avissapr/checkthebox/internal/security/ratelimiting.go:185.13,193.3 4 1
github.com/avissapr/checkthebox/internal/security/ratelimiting.go:194.2,200.52 4 1
github.com/avissapr/checkthebox/internal/security/ratelimiting.go:200.52,204.3 3 0
github.com/avissapr/checkthebox/internal/security/ratelimiting.go:206.2,210.42 3 1
github.com/avissapr/checkthebox/internal/security/ratelimiting.go:210.42,213.3 2 1
github.com/avissapr/checkthebox/internal/security/ratelimiting.go:215.2,215.14 1 1
github.com/avissapr/checkthebox/internal/security/ratelimiting.go:220.60,225.13 4 1
github.com/avissapr/checkthebox/internal/security/ratelimiting.go:225.13,227.3 1 1
github.com/avissapr/checkthebox/internal/security/ratelimiting.go:229.2,233.41 3 1
github.com/avissapr/checkthebox/internal/security/ratelimiting.go:233.41,238.3 3 1
github.com/avissapr/checkthebox/internal/security/ratelimiting.go:240.2,240.36 1 1
github.com/avissapr/checkthebox/internal/security/ratelimiting.go:245.60,249.2 3 1
github.com/avissapr/checkthebox/internal/security/ratelimiting.go:253.84,258.13 4 1
github.com/avissapr/checkthebox/internal/security/ratelimiting.go:258.13,260.3 1 1
github.com/avissapr/checkthebox/internal/security/ratelimiting.go:262.2,265.32 3 1
github.com/avissapr/checkthebox/internal/security/ratelimiting.go:265.32,267.3 1 0
github.com/avissapr/checkthebox/internal/security/ratelimiting.go:269.2,270.19 2 1
github.com/avissapr/checkthebox/internal/security/ratelimiting.go:270.19,272.3 1 0
github.com/avissapr/checkthebox/internal/security/ratelimiting.go:274.2,274.18 1 1
github.com/avissapr/checkthebox/internal/security/validation.go:21.70,25.2 1 0
github.com/avissapr/checkthebox/internal/security/validation.go:29.63,30.17 1 0
github.com/avissapr/checkthebox/internal/security/validation.go:30.17,32.3 1 0
github.com/avissapr/checkthebox/internal/security/validation.go:34.2,34.22 1 0
github.com/avissapr/checkthebox/internal/security/validation.go:34.22,36.3 1 0
github.com/avissapr/checkthebox/internal/security/validation.go:39.2,40.16 2 0
github.com/avissapr/checkthebox/internal/security/validation.go:40.16,42.3 1 0
github.com/avissapr/checkthebox/internal/security/validation.go:44.2,44.12 1 0
github.com/avissapr/checkthebox/internal/security/validation.go:49.69,50.20 1 0
github.com/avissapr/checkthebox/internal/security/validation.go:50.20,52.3 1 0
github.com/avissapr/checkthebox/internal/security/validation.go:54.2,54.23 1 0
github.com/avissapr/checkthebox/internal/security/validation.go:54.23,56.3 1 0
github.com/avissapr/checkthebox/internal/security/validation.go:58.2,58.25 1 0
github.com/avissapr/checkthebox/internal/security/validation.go:58.25,60.3 1 0
github.com/avissapr/checkthebox/internal/security/validation.go:63.2,67.15 4 0
github.com/avissapr/checkthebox/internal/security/validation.go:67.15,69.3 1 0
github.com/avissapr/checkthebox/internal/security/validation.go:71.2,71.15 1 0
github.com/avissapr/checkthebox/internal/security/validation.go:71.15,73.3 1 0
github.com/avissapr/checkthebox/internal/security/validation.go:75.2,75.16 1 0
github.com/avissapr/checkthebox/internal/security/validation.go:75.16,77.3 1 0
github.com/avissapr/checkthebox/internal/security/validation.go:79.2,79.12 1 0
github.com/avissapr/checkthebox/internal/security/validation.go:84.69,85.17 1 0
github.com/avissapr/checkthebox/internal/security/validation.go:85.17,87.3 1 0
github.com/avissapr/checkthebox/internal/security/validation.go:89.2,90.17 2 0
github.com/avissapr/checkthebox/internal/security/validation.go:90.17,92.3 1 0
github.com/avissapr/checkthebox/internal/security/validation.go:94.2,94.67 1 0
github.com/avissapr/checkthebox/internal/security/validation.go:94.67,96.3 1 0
github.com/avissapr/checkthebox/internal/security/validation.go:98.2,98.12 1 0
github.com/avissapr/checkthebox/internal/security/validation.go:103.73,104.19 1 0
github.com/avissapr/checkthebox/internal/security/validation.go:104.19,106.3 1 0
github.com/avissapr/checkthebox/internal/security/validation.go:108.2,108.50 1 0
github.com/avissapr/checkthebox/internal/security/validation.go:108.50,110.3 1 0
github.com/avissapr/checkthebox/internal/security/validation.go:112.2,112.12 1 0
github.com/avissapr/checkthebox/internal/security/validation.go:117.73,118.19 1 0
github.com/avissapr/checkthebox/internal/security/validation.go:118.19,120.3 1 0
github.com/avissapr/checkthebox/internal/security/validation.go:123.2,124.14 2 0
github.com/avissapr/checkthebox/internal/security/validation.go:124.14,126.3 1 0
github.com/avissapr/checkthebox/internal/security/validation.go:128.2,128.12 1 0
github.com/avissapr/checkthebox/internal/security/validation.go:133.64,134.19 1 0
github.com/avissapr/checkthebox/internal/security/validation.go:134.19,136.3 1 0
github.com/avissapr/checkthebox/internal/security/validation.go:139.2,140.16 2 0
github.com/avissapr/checkthebox/internal/security/validation.go:140.16,142.3 1 0
github.com/avissapr/checkthebox/internal/security/validation.go:144.2,144.12 1 0
github.com/avissapr/checkthebox/internal/security/validation.go:148.72,149.46 1 0
github.com/avissapr/checkthebox/internal/security/validation.go:149.46,151.3 1 0
github.com/avissapr/checkthebox/internal/security/validation.go:153.2,153.15 1 0
github.com/avissapr/checkthebox/internal/security/validation.go:153.15,154.45 1 0
github.com/avissapr/checkthebox/internal/security/validation.go:154.45,156.4 1 0
github.com/avissapr/checkthebox/internal/security/validation.go:158.3,161.33 3 0
github.com/avissapr/checkthebox/internal/security/validation.go:161.33,163.4 1 0
github.com/avissapr/checkthebox/internal/security/validation.go:166.2,166.12 1 0
github.com/avissapr/checkthebox/internal/security/validation.go:170.65,171.16 1 0
github.com/avissapr/checkthebox/internal/security/validation.go:171.16,173.3 1 0
github.com/avissapr/checkthebox/internal/security/validation.go:175.2,180.25 2 0
github.com/avissapr/checkthebox/internal/security/validation.go:180.25,182.3 1 0
github.com/avissapr/checkthebox/internal/security/validation.go:184.2,184.12 1 0
github.com/avissapr/checkthebox/internal/security/validation.go:188.66,189.16 1 0
github.com/avissapr/checkthebox/internal/security/validation.go:189.16,191.3 1 0
github.com/avissapr/checkthebox/internal/security/validation.go:193.2,194.16 2 0
github.com/avissapr/checkthebox/internal/security/validation.go:194.16,196.3 1 0
github.com/avissapr/checkthebox/internal/security/validation.go:198.2,198.40 1 0
github.com/avissapr/checkthebox/internal/security/validation.go:198.40,200.3 1 0
github.com/avissapr/checkthebox/internal/security/validation.go:203.2,204.14 2 0
github.com/avissapr/checkthebox/internal/security/validation.go:204.14,206.3 1 0
github.com/avissapr/checkthebox/internal/security/validation.go:208.2,208.12 1 0
github.com/avissapr/checkthebox/internal/security/validation.go:213.65,221.2 3 0
github.com/avissapr/checkthebox/internal/security/validation.go:224.69,225.36 1 0
github.com/avissapr/checkthebox/internal/security/validation.go:225.36,227.3 1 0
github.com/avissapr/checkthebox/internal/security/validation.go:229.2,229.19 1 0
github.com/avissapr/checkthebox/internal/security/validation.go:229.19,231.3 1 0
github.com/avissapr/checkthebox/internal/security/validation.go:233.2,233.12 1 0
github.com/avissapr/checkthebox/internal/security/validation.go:237.77,238.17 1 0
github.com/avissapr/checkthebox/internal/security/validation.go:238.17,240.3 1 0
github.com/avissapr/checkthebox/internal/security/validation.go:242.2,242.36 1 0
github.com/avissapr/checkthebox/internal/security/validation.go:242.36,244.3 1 0
github.com/avissapr/checkthebox/internal/security/validation.go:246.2,246.12 1 0
github.com/avissapr/checkthebox/internal/security/validation.go:250.96,253.18 2 0
github.com/avissapr/checkthebox/internal/security/validation.go:253.18,255.3 1 0
github.com/avissapr/checkthebox/internal/security/validation.go:257.2,257.18 1 0
github.com/avissapr/checkthebox/internal/security/validation.go:257.18,259.3 1 0
github.com/avissapr/checkthebox/internal/security/validation.go:261.2,261.12 1 0
